<?xml version="1.0" encoding="UTF-8"?>
<robot generator="Robot 5.0.1 (Python 3.10.8 on win32)" generated="20241001 13:14:33.772" rpa="false" schemaversion="3">
<suite id="s1" name="TestCases" source="C:\Users\Utilisateur 1\AppData\Local\TESTFACTORY\workspace\RFW\Trainning_Udemy\AutomationRobotProject\TestCases">
<kw name="Before Each Test Suite" type="SETUP">
<kw name="Log To Console" library="BuiltIn">
<arg>Test Suite Started</arg>
<doc>Logs the given message to the console.</doc>
<status status="PASS" starttime="20241001 13:14:33.836" endtime="20241001 13:14:33.839"/>
</kw>
<status status="PASS" starttime="20241001 13:14:33.831" endtime="20241001 13:14:33.840"/>
</kw>
<suite id="s1-s1" name="TDD testing" source="C:\Users\Utilisateur 1\AppData\Local\TESTFACTORY\workspace\RFW\Trainning_Udemy\AutomationRobotProject\TestCases\TDD_testing">
<suite id="s1-s1-s1" name="TC TDD Excel" source="C:\Users\Utilisateur 1\AppData\Local\TESTFACTORY\workspace\RFW\Trainning_Udemy\AutomationRobotProject\TestCases\TDD_testing\TC_TDD_Excel.robot">
<test id="s1-s1-s1-t1" name="Test Case in TDD Excel" line="8">
<kw name="Open Browser" library="SeleniumLibrary">
<arg>${var}</arg>
<arg>Chrome</arg>
<doc>Opens a new browser instance to the optional ``url``.</doc>
<msg timestamp="20241001 13:14:34.812" level="INFO">Opening browser 'Chrome' to base url 'https://www.thetestingworld.com'.</msg>
<status status="PASS" starttime="20241001 13:14:34.812" endtime="20241001 13:14:39.613"/>
</kw>
<kw name="Maximize Browser Window" library="SeleniumLibrary">
<doc>Maximizes current browser window.</doc>
<status status="PASS" starttime="20241001 13:14:39.614" endtime="20241001 13:14:39.721"/>
</kw>
<kw name="Read Number of Rows" library="Resources1">
<var>${row}</var>
<arg>LoginData</arg>
<kw name="Fetch Number Of Rows" library="ReadExcell">
<var>${maxRow}</var>
<arg>${sheetname}</arg>
<msg timestamp="20241001 13:14:39.726" level="INFO">${maxRow} = 4</msg>
<status status="PASS" starttime="20241001 13:14:39.725" endtime="20241001 13:14:39.726"/>
</kw>
<return>
<value>${maxRow}</value>
<status status="PASS" starttime="20241001 13:14:39.727" endtime="20241001 13:14:39.728"/>
</return>
<msg timestamp="20241001 13:14:39.729" level="INFO">${row} = 4</msg>
<status status="PASS" starttime="20241001 13:14:39.722" endtime="20241001 13:14:39.730"/>
</kw>
<kw name="Log To Console" library="BuiltIn">
<arg>${row}</arg>
<doc>Logs the given message to the console.</doc>
<status status="PASS" starttime="20241001 13:14:39.731" endtime="20241001 13:14:39.733"/>
</kw>
<kw name="Click Element" library="SeleniumLibrary">
<arg>//a[text()='Quick Demo']</arg>
<doc>Click the element identified by ``locator``.</doc>
<msg timestamp="20241001 13:14:39.736" level="INFO">Clicking element '//a[text()='Quick Demo']'.</msg>
<status status="PASS" starttime="20241001 13:14:39.735" endtime="20241001 13:14:40.190"/>
</kw>
<kw name="Sleep" library="BuiltIn">
<arg>2s</arg>
<doc>Pauses the test executed for the given time.</doc>
<msg timestamp="20241001 13:14:42.212" level="INFO">Slept 2 seconds</msg>
<status status="PASS" starttime="20241001 13:14:40.193" endtime="20241001 13:14:42.213"/>
</kw>
<for flavor="IN RANGE">
<var>${i}</var>
<value>1</value>
<value>${row}+1</value>
<iter>
<var name="${i}">1</var>
<kw name="Read Excel Data Cell" library="Resources1">
<var>${username}</var>
<arg>LoginData</arg>
<arg>${i}</arg>
<arg>1</arg>
<kw name="Fetch Cell Data" library="ReadExcell">
<var>${cell_val}</var>
<arg>${sheetname}</arg>
<arg>${row}</arg>
<arg>${cell}</arg>
<msg timestamp="20241001 13:14:42.221" level="INFO">${cell_val} = usermane1</msg>
<status status="PASS" starttime="20241001 13:14:42.219" endtime="20241001 13:14:42.221"/>
</kw>
<return>
<value>${cell_val}</value>
<status status="PASS" starttime="20241001 13:14:42.222" endtime="20241001 13:14:42.223"/>
</return>
<msg timestamp="20241001 13:14:42.224" level="INFO">${username} = usermane1</msg>
<status status="PASS" starttime="20241001 13:14:42.217" endtime="20241001 13:14:42.224"/>
</kw>
<kw name="Read Excel Data Cell" library="Resources1">
<var>${password}</var>
<arg>LoginData</arg>
<arg>${i}</arg>
<arg>2</arg>
<kw name="Fetch Cell Data" library="ReadExcell">
<var>${cell_val}</var>
<arg>${sheetname}</arg>
<arg>${row}</arg>
<arg>${cell}</arg>
<msg timestamp="20241001 13:14:42.230" level="INFO">${cell_val} = pw1</msg>
<status status="PASS" starttime="20241001 13:14:42.229" endtime="20241001 13:14:42.231"/>
</kw>
<return>
<value>${cell_val}</value>
<status status="PASS" starttime="20241001 13:14:42.231" endtime="20241001 13:14:42.232"/>
</return>
<msg timestamp="20241001 13:14:42.233" level="INFO">${password} = pw1</msg>
<status status="PASS" starttime="20241001 13:14:42.225" endtime="20241001 13:14:42.233"/>
</kw>
<kw name="Input Text" library="SeleniumLibrary">
<arg>//input[@id="wdform_1_element_first2"]</arg>
<arg>${username}</arg>
<doc>Types the given ``text`` into the text field identified by ``locator``.</doc>
<msg timestamp="20241001 13:14:42.234" level="INFO">Typing text 'usermane1' into text field '//input[@id="wdform_1_element_first2"]'.</msg>
<status status="PASS" starttime="20241001 13:14:42.233" endtime="20241001 13:14:42.433"/>
</kw>
<kw name="Input Text" library="SeleniumLibrary">
<arg>//input[@id='wdform_1_element_last2']</arg>
<arg>${password}</arg>
<doc>Types the given ``text`` into the text field identified by ``locator``.</doc>
<msg timestamp="20241001 13:14:42.434" level="INFO">Typing text 'pw1' into text field '//input[@id='wdform_1_element_last2']'.</msg>
<status status="PASS" starttime="20241001 13:14:42.433" endtime="20241001 13:14:42.645"/>
</kw>
<kw name="Click Button" library="SeleniumLibrary">
<arg>//button[text()='Submit']</arg>
<doc>Clicks the button identified by ``locator``.</doc>
<msg timestamp="20241001 13:14:42.646" level="INFO">Clicking button '//button[text()='Submit']'.</msg>
<status status="PASS" starttime="20241001 13:14:42.646" endtime="20241001 13:14:42.737"/>
</kw>
<kw name="Sleep" library="BuiltIn">
<arg>2s</arg>
<doc>Pauses the test executed for the given time.</doc>
<msg timestamp="20241001 13:14:44.738" level="INFO">Slept 2 seconds</msg>
<status status="PASS" starttime="20241001 13:14:42.737" endtime="20241001 13:14:44.739"/>
</kw>
<kw name="Handle Alert" library="SeleniumLibrary">
<arg>ACCEPT</arg>
<doc>Handles the current alert and returns its message.</doc>
<msg timestamp="20241001 13:14:44.740" level="INFO">HANDLE::&lt;class 'NoneType'&gt;::None</msg>
<status status="PASS" starttime="20241001 13:14:44.739" endtime="20241001 13:14:44.761"/>
</kw>
<status status="PASS" starttime="20241001 13:14:42.216" endtime="20241001 13:14:44.762"/>
</iter>
<iter>
<var name="${i}">2</var>
<kw name="Read Excel Data Cell" library="Resources1">
<var>${username}</var>
<arg>LoginData</arg>
<arg>${i}</arg>
<arg>1</arg>
<kw name="Fetch Cell Data" library="ReadExcell">
<var>${cell_val}</var>
<arg>${sheetname}</arg>
<arg>${row}</arg>
<arg>${cell}</arg>
<msg timestamp="20241001 13:14:44.772" level="INFO">${cell_val} = usermane2</msg>
<status status="PASS" starttime="20241001 13:14:44.770" endtime="20241001 13:14:44.773"/>
</kw>
<return>
<value>${cell_val}</value>
<status status="PASS" starttime="20241001 13:14:44.774" endtime="20241001 13:14:44.775"/>
</return>
<msg timestamp="20241001 13:14:44.777" level="INFO">${username} = usermane2</msg>
<status status="PASS" starttime="20241001 13:14:44.766" endtime="20241001 13:14:44.778"/>
</kw>
<kw name="Read Excel Data Cell" library="Resources1">
<var>${password}</var>
<arg>LoginData</arg>
<arg>${i}</arg>
<arg>2</arg>
<kw name="Fetch Cell Data" library="ReadExcell">
<var>${cell_val}</var>
<arg>${sheetname}</arg>
<arg>${row}</arg>
<arg>${cell}</arg>
<msg timestamp="20241001 13:14:44.798" level="INFO">${cell_val} = pw2</msg>
<status status="PASS" starttime="20241001 13:14:44.786" endtime="20241001 13:14:44.818"/>
</kw>
<return>
<value>${cell_val}</value>
<status status="PASS" starttime="20241001 13:14:44.819" endtime="20241001 13:14:44.820"/>
</return>
<msg timestamp="20241001 13:14:44.821" level="INFO">${password} = pw2</msg>
<status status="PASS" starttime="20241001 13:14:44.782" endtime="20241001 13:14:44.825"/>
</kw>
<kw name="Input Text" library="SeleniumLibrary">
<arg>//input[@id="wdform_1_element_first2"]</arg>
<arg>${username}</arg>
<doc>Types the given ``text`` into the text field identified by ``locator``.</doc>
<msg timestamp="20241001 13:14:44.830" level="INFO">Typing text 'usermane2' into text field '//input[@id="wdform_1_element_first2"]'.</msg>
<status status="PASS" starttime="20241001 13:14:44.829" endtime="20241001 13:14:45.090"/>
</kw>
<kw name="Input Text" library="SeleniumLibrary">
<arg>//input[@id='wdform_1_element_last2']</arg>
<arg>${password}</arg>
<doc>Types the given ``text`` into the text field identified by ``locator``.</doc>
<msg timestamp="20241001 13:14:45.090" level="INFO">Typing text 'pw2' into text field '//input[@id='wdform_1_element_last2']'.</msg>
<status status="PASS" starttime="20241001 13:14:45.090" endtime="20241001 13:14:45.255"/>
</kw>
<kw name="Click Button" library="SeleniumLibrary">
<arg>//button[text()='Submit']</arg>
<doc>Clicks the button identified by ``locator``.</doc>
<msg timestamp="20241001 13:14:45.256" level="INFO">Clicking button '//button[text()='Submit']'.</msg>
<status status="PASS" starttime="20241001 13:14:45.256" endtime="20241001 13:14:45.361"/>
</kw>
<kw name="Sleep" library="BuiltIn">
<arg>2s</arg>
<doc>Pauses the test executed for the given time.</doc>
<msg timestamp="20241001 13:14:47.374" level="INFO">Slept 2 seconds</msg>
<status status="PASS" starttime="20241001 13:14:45.361" endtime="20241001 13:14:47.375"/>
</kw>
<kw name="Handle Alert" library="SeleniumLibrary">
<arg>ACCEPT</arg>
<doc>Handles the current alert and returns its message.</doc>
<msg timestamp="20241001 13:14:47.378" level="INFO">HANDLE::&lt;class 'NoneType'&gt;::None</msg>
<status status="PASS" starttime="20241001 13:14:47.377" endtime="20241001 13:14:47.404"/>
</kw>
<status status="PASS" starttime="20241001 13:14:44.763" endtime="20241001 13:14:47.408"/>
</iter>
<iter>
<var name="${i}">3</var>
<kw name="Read Excel Data Cell" library="Resources1">
<var>${username}</var>
<arg>LoginData</arg>
<arg>${i}</arg>
<arg>1</arg>
<kw name="Fetch Cell Data" library="ReadExcell">
<var>${cell_val}</var>
<arg>${sheetname}</arg>
<arg>${row}</arg>
<arg>${cell}</arg>
<msg timestamp="20241001 13:14:47.467" level="INFO">${cell_val} = usermane3</msg>
<status status="PASS" starttime="20241001 13:14:47.425" endtime="20241001 13:14:47.468"/>
</kw>
<return>
<value>${cell_val}</value>
<status status="PASS" starttime="20241001 13:14:47.470" endtime="20241001 13:14:47.471"/>
</return>
<msg timestamp="20241001 13:14:47.474" level="INFO">${username} = usermane3</msg>
<status status="PASS" starttime="20241001 13:14:47.417" endtime="20241001 13:14:47.477"/>
</kw>
<kw name="Read Excel Data Cell" library="Resources1">
<var>${password}</var>
<arg>LoginData</arg>
<arg>${i}</arg>
<arg>2</arg>
<kw name="Fetch Cell Data" library="ReadExcell">
<var>${cell_val}</var>
<arg>${sheetname}</arg>
<arg>${row}</arg>
<arg>${cell}</arg>
<msg timestamp="20241001 13:14:47.487" level="INFO">${cell_val} = pw3</msg>
<status status="PASS" starttime="20241001 13:14:47.482" endtime="20241001 13:14:47.488"/>
</kw>
<return>
<value>${cell_val}</value>
<status status="PASS" starttime="20241001 13:14:47.488" endtime="20241001 13:14:47.489"/>
</return>
<msg timestamp="20241001 13:14:47.508" level="INFO">${password} = pw3</msg>
<status status="PASS" starttime="20241001 13:14:47.478" endtime="20241001 13:14:47.508"/>
</kw>
<kw name="Input Text" library="SeleniumLibrary">
<arg>//input[@id="wdform_1_element_first2"]</arg>
<arg>${username}</arg>
<doc>Types the given ``text`` into the text field identified by ``locator``.</doc>
<msg timestamp="20241001 13:14:47.513" level="INFO">Typing text 'usermane3' into text field '//input[@id="wdform_1_element_first2"]'.</msg>
<status status="PASS" starttime="20241001 13:14:47.509" endtime="20241001 13:14:47.722"/>
</kw>
<kw name="Input Text" library="SeleniumLibrary">
<arg>//input[@id='wdform_1_element_last2']</arg>
<arg>${password}</arg>
<doc>Types the given ``text`` into the text field identified by ``locator``.</doc>
<msg timestamp="20241001 13:14:47.724" level="INFO">Typing text 'pw3' into text field '//input[@id='wdform_1_element_last2']'.</msg>
<status status="PASS" starttime="20241001 13:14:47.723" endtime="20241001 13:14:47.958"/>
</kw>
<kw name="Click Button" library="SeleniumLibrary">
<arg>//button[text()='Submit']</arg>
<doc>Clicks the button identified by ``locator``.</doc>
<msg timestamp="20241001 13:14:47.960" level="INFO">Clicking button '//button[text()='Submit']'.</msg>
<status status="PASS" starttime="20241001 13:14:47.958" endtime="20241001 13:14:48.079"/>
</kw>
<kw name="Sleep" library="BuiltIn">
<arg>2s</arg>
<doc>Pauses the test executed for the given time.</doc>
<msg timestamp="20241001 13:14:50.089" level="INFO">Slept 2 seconds</msg>
<status status="PASS" starttime="20241001 13:14:48.080" endtime="20241001 13:14:50.090"/>
</kw>
<kw name="Handle Alert" library="SeleniumLibrary">
<arg>ACCEPT</arg>
<doc>Handles the current alert and returns its message.</doc>
<msg timestamp="20241001 13:14:50.093" level="INFO">HANDLE::&lt;class 'NoneType'&gt;::None</msg>
<status status="PASS" starttime="20241001 13:14:50.091" endtime="20241001 13:14:50.116"/>
</kw>
<status status="PASS" starttime="20241001 13:14:47.414" endtime="20241001 13:14:50.118"/>
</iter>
<iter>
<var name="${i}">4</var>
<kw name="Read Excel Data Cell" library="Resources1">
<var>${username}</var>
<arg>LoginData</arg>
<arg>${i}</arg>
<arg>1</arg>
<kw name="Fetch Cell Data" library="ReadExcell">
<var>${cell_val}</var>
<arg>${sheetname}</arg>
<arg>${row}</arg>
<arg>${cell}</arg>
<msg timestamp="20241001 13:14:50.180" level="INFO">${cell_val} = usermane4</msg>
<status status="PASS" starttime="20241001 13:14:50.136" endtime="20241001 13:14:50.180"/>
</kw>
<return>
<value>${cell_val}</value>
<status status="PASS" starttime="20241001 13:14:50.181" endtime="20241001 13:14:50.183"/>
</return>
<msg timestamp="20241001 13:14:50.187" level="INFO">${username} = usermane4</msg>
<status status="PASS" starttime="20241001 13:14:50.122" endtime="20241001 13:14:50.187"/>
</kw>
<kw name="Read Excel Data Cell" library="Resources1">
<var>${password}</var>
<arg>LoginData</arg>
<arg>${i}</arg>
<arg>2</arg>
<kw name="Fetch Cell Data" library="ReadExcell">
<var>${cell_val}</var>
<arg>${sheetname}</arg>
<arg>${row}</arg>
<arg>${cell}</arg>
<msg timestamp="20241001 13:14:50.196" level="INFO">${cell_val} = pw4</msg>
<status status="PASS" starttime="20241001 13:14:50.194" endtime="20241001 13:14:50.197"/>
</kw>
<return>
<value>${cell_val}</value>
<status status="PASS" starttime="20241001 13:14:50.197" endtime="20241001 13:14:50.201"/>
</return>
<msg timestamp="20241001 13:14:50.207" level="INFO">${password} = pw4</msg>
<status status="PASS" starttime="20241001 13:14:50.188" endtime="20241001 13:14:50.207"/>
</kw>
<kw name="Input Text" library="SeleniumLibrary">
<arg>//input[@id="wdform_1_element_first2"]</arg>
<arg>${username}</arg>
<doc>Types the given ``text`` into the text field identified by ``locator``.</doc>
<msg timestamp="20241001 13:14:50.213" level="INFO">Typing text 'usermane4' into text field '//input[@id="wdform_1_element_first2"]'.</msg>
<status status="PASS" starttime="20241001 13:14:50.208" endtime="20241001 13:14:50.454"/>
</kw>
<kw name="Input Text" library="SeleniumLibrary">
<arg>//input[@id='wdform_1_element_last2']</arg>
<arg>${password}</arg>
<doc>Types the given ``text`` into the text field identified by ``locator``.</doc>
<msg timestamp="20241001 13:14:50.455" level="INFO">Typing text 'pw4' into text field '//input[@id='wdform_1_element_last2']'.</msg>
<status status="PASS" starttime="20241001 13:14:50.455" endtime="20241001 13:14:50.649"/>
</kw>
<kw name="Click Button" library="SeleniumLibrary">
<arg>//button[text()='Submit']</arg>
<doc>Clicks the button identified by ``locator``.</doc>
<msg timestamp="20241001 13:14:50.650" level="INFO">Clicking button '//button[text()='Submit']'.</msg>
<status status="PASS" starttime="20241001 13:14:50.649" endtime="20241001 13:14:50.730"/>
</kw>
<kw name="Sleep" library="BuiltIn">
<arg>2s</arg>
<doc>Pauses the test executed for the given time.</doc>
<msg timestamp="20241001 13:14:52.738" level="INFO">Slept 2 seconds</msg>
<status status="PASS" starttime="20241001 13:14:50.730" endtime="20241001 13:14:52.738"/>
</kw>
<kw name="Handle Alert" library="SeleniumLibrary">
<arg>ACCEPT</arg>
<doc>Handles the current alert and returns its message.</doc>
<msg timestamp="20241001 13:14:52.739" level="INFO">HANDLE::&lt;class 'NoneType'&gt;::None</msg>
<status status="PASS" starttime="20241001 13:14:52.738" endtime="20241001 13:14:52.802"/>
</kw>
<status status="PASS" starttime="20241001 13:14:50.120" endtime="20241001 13:14:52.803"/>
</iter>
<status status="PASS" starttime="20241001 13:14:42.214" endtime="20241001 13:14:52.803"/>
</for>
<status status="PASS" starttime="20241001 13:14:34.811" endtime="20241001 13:14:52.804"/>
</test>
<status status="PASS" starttime="20241001 13:14:33.846" endtime="20241001 13:14:52.805"/>
</suite>
<status status="PASS" starttime="20241001 13:14:33.840" endtime="20241001 13:14:52.808"/>
</suite>
<kw name="After Each Test Suite" type="TEARDOWN">
<kw name="Log To Console" library="BuiltIn">
<arg>Test Suite Ended</arg>
<doc>Logs the given message to the console.</doc>
<status status="PASS" starttime="20241001 13:14:52.818" endtime="20241001 13:14:52.819"/>
</kw>
<status status="PASS" starttime="20241001 13:14:52.817" endtime="20241001 13:14:52.820"/>
</kw>
<status status="PASS" starttime="20241001 13:14:33.777" endtime="20241001 13:14:52.820"/>
</suite>
<statistics>
<total>
<stat pass="1" fail="0" skip="0">All Tests</stat>
</total>
<tag>
</tag>
<suite>
<stat pass="1" fail="0" skip="0" id="s1" name="TestCases">TestCases</stat>
<stat pass="1" fail="0" skip="0" id="s1-s1" name="TDD testing">TestCases.TDD testing</stat>
<stat pass="1" fail="0" skip="0" id="s1-s1-s1" name="TC TDD Excel">TestCases.TDD testing.TC TDD Excel</stat>
</suite>
</statistics>
<errors>
</errors>
</robot>
